app/build/intermediates/manifest_merge_blame_file/prodRelease/manifest-merger-blame-prod-release-report.txt
1<?xml version="1.0" encoding="utf-8"?>
2<manifest xmlns:android="http://schemas.android.com/apk/res/android"
3    package="no.wmc"
4    android:versionCode="301400011"
5    android:versionName="3.1.40" >
6
7    <uses-sdk
8        android:minSdkVersion="26"
9        android:targetSdkVersion="34" />
10
11    <uses-permission android:name="android.permission.USE_BIOMETRIC" />
11-->src/main/AndroidManifest.xml:6:5-72
11-->src/main/AndroidManifest.xml:6:22-69
12    <uses-permission android:name="android.permission.ACCESS_COARSE_LOCATION" />
12-->src/main/AndroidManifest.xml:7:5-80
12-->src/main/AndroidManifest.xml:7:22-78
13    <uses-permission android:name="android.permission.ACCESS_FINE_LOCATION" />
13-->src/main/AndroidManifest.xml:8:5-78
13-->src/main/AndroidManifest.xml:8:22-76
14    <uses-permission android:name="android.permission.EXPAND_STATUS_BAR" />
14-->src/main/AndroidManifest.xml:9:5-76
14-->src/main/AndroidManifest.xml:9:22-73
15    <uses-permission android:name="android.permission.BODY_SENSORS" />
15-->src/main/AndroidManifest.xml:10:5-70
15-->src/main/AndroidManifest.xml:10:22-68
16    <uses-permission android:name="android.permission.POST_NOTIFICATIONS" />
16-->src/main/AndroidManifest.xml:11:5-76
16-->src/main/AndroidManifest.xml:11:22-74
17    <uses-permission android:name="android.permission.ACTIVITY_RECOGNITION" />
17-->src/main/AndroidManifest.xml:12:5-78
17-->src/main/AndroidManifest.xml:12:22-76
18    <uses-permission android:name="com.android.vending.BILLING" />
18-->[com.android.billingclient:billing:6.1.0] AndroidManifest.xml:10:5-67
18-->[com.android.billingclient:billing:6.1.0] AndroidManifest.xml:10:22-64
19
20    <queries>
20-->[com.android.billingclient:billing:6.1.0] AndroidManifest.xml:12:5-16:15
21        <intent>
21-->[com.android.billingclient:billing:6.1.0] AndroidManifest.xml:13:9-15:18
22            <action android:name="com.android.vending.billing.InAppBillingService.BIND" />
22-->[com.android.billingclient:billing:6.1.0] AndroidManifest.xml:14:13-91
22-->[com.android.billingclient:billing:6.1.0] AndroidManifest.xml:14:21-88
23        </intent>
24        <!-- Query Camera Packages -->
25        <intent>
25-->[com.github.dhaval2404:imagepicker:2.1] AndroidManifest.xml:12:9-14:18
26            <action android:name="android.media.action.IMAGE_CAPTURE" />
26-->[com.github.dhaval2404:imagepicker:2.1] AndroidManifest.xml:13:13-73
26-->[com.github.dhaval2404:imagepicker:2.1] AndroidManifest.xml:13:21-70
27        </intent> <!-- Query Open Document -->
28        <intent>
28-->[com.github.dhaval2404:imagepicker:2.1] AndroidManifest.xml:16:9-18:18
29            <action android:name="android.intent.action.OPEN_DOCUMENT_TREE" />
29-->[com.github.dhaval2404:imagepicker:2.1] AndroidManifest.xml:17:13-79
29-->[com.github.dhaval2404:imagepicker:2.1] AndroidManifest.xml:17:21-76
30        </intent> <!-- Needs to be explicitly declared on Android R+ -->
31        <package android:name="com.google.android.apps.maps" />
31-->[com.google.android.gms:play-services-maps:18.2.0] AndroidManifest.xml:33:9-64
31-->[com.google.android.gms:play-services-maps:18.2.0] AndroidManifest.xml:33:18-61
32    </queries>
33
34    <uses-permission android:name="android.permission.WAKE_LOCK" />
34-->[androidx.work:work-runtime:2.7.1] AndroidManifest.xml:25:5-68
34-->[androidx.work:work-runtime:2.7.1] AndroidManifest.xml:25:22-65
35    <uses-permission android:name="android.permission.ACCESS_NETWORK_STATE" />
35-->[androidx.work:work-runtime:2.7.1] AndroidManifest.xml:26:5-79
35-->[androidx.work:work-runtime:2.7.1] AndroidManifest.xml:26:22-76
36    <uses-permission android:name="android.permission.RECEIVE_BOOT_COMPLETED" />
36-->[androidx.work:work-runtime:2.7.1] AndroidManifest.xml:27:5-81
36-->[androidx.work:work-runtime:2.7.1] AndroidManifest.xml:27:22-78
37    <uses-permission android:name="android.permission.FOREGROUND_SERVICE" /> <!-- Required by older versions of Google Play services to create IID tokens -->
37-->[androidx.work:work-runtime:2.7.1] AndroidManifest.xml:28:5-77
37-->[androidx.work:work-runtime:2.7.1] AndroidManifest.xml:28:22-74
38    <uses-permission android:name="com.google.android.c2dm.permission.RECEIVE" />
38-->[com.google.firebase:firebase-messaging:23.4.1] AndroidManifest.xml:26:5-82
38-->[com.google.firebase:firebase-messaging:23.4.1] AndroidManifest.xml:26:22-79
39    <uses-permission android:name="android.permission.INTERNET" />
39-->[com.google.firebase:firebase-crashlytics:18.6.0] AndroidManifest.xml:7:5-67
39-->[com.google.firebase:firebase-crashlytics:18.6.0] AndroidManifest.xml:7:22-64
40    <uses-permission android:name="com.google.android.gms.permission.AD_ID" />
40-->[com.google.android.gms:play-services-measurement-api:21.5.0] AndroidManifest.xml:25:5-79
40-->[com.google.android.gms:play-services-measurement-api:21.5.0] AndroidManifest.xml:25:22-76
41    <uses-permission android:name="android.permission.ACCESS_ADSERVICES_ATTRIBUTION" />
41-->[com.google.android.gms:play-services-measurement-api:21.5.0] AndroidManifest.xml:26:5-88
41-->[com.google.android.gms:play-services-measurement-api:21.5.0] AndroidManifest.xml:26:22-85
42    <uses-permission android:name="android.permission.ACCESS_ADSERVICES_AD_ID" /> <!-- suppress DeprecatedClassUsageInspection -->
42-->[com.google.android.gms:play-services-measurement-api:21.5.0] AndroidManifest.xml:27:5-82
42-->[com.google.android.gms:play-services-measurement-api:21.5.0] AndroidManifest.xml:27:22-79
43    <uses-permission android:name="android.permission.USE_FINGERPRINT" />
43-->[androidx.biometric:biometric:1.2.0-alpha05] AndroidManifest.xml:25:5-74
43-->[androidx.biometric:biometric:1.2.0-alpha05] AndroidManifest.xml:25:22-71
44
45    <uses-feature
45-->[com.google.android.gms:play-services-maps:18.2.0] AndroidManifest.xml:26:5-28:35
46        android:glEsVersion="0x00020000"
46-->[com.google.android.gms:play-services-maps:18.2.0] AndroidManifest.xml:27:9-41
47        android:required="true" />
47-->[com.google.android.gms:play-services-maps:18.2.0] AndroidManifest.xml:28:9-32
48
49    <uses-permission android:name="com.google.android.finsky.permission.BIND_GET_INSTALL_REFERRER_SERVICE" />
49-->[com.google.android.gms:play-services-measurement:21.5.0] AndroidManifest.xml:26:5-110
49-->[com.google.android.gms:play-services-measurement:21.5.0] AndroidManifest.xml:26:22-107
50
51    <permission
51-->[androidx.core:core:1.13.1] AndroidManifest.xml:22:5-24:47
52        android:name="no.wmc.DYNAMIC_RECEIVER_NOT_EXPORTED_PERMISSION"
52-->[androidx.core:core:1.13.1] AndroidManifest.xml:23:9-81
53        android:protectionLevel="signature" />
53-->[androidx.core:core:1.13.1] AndroidManifest.xml:24:9-44
54
55    <uses-permission android:name="no.wmc.DYNAMIC_RECEIVER_NOT_EXPORTED_PERMISSION" />
55-->[androidx.core:core:1.13.1] AndroidManifest.xml:26:5-97
55-->[androidx.core:core:1.13.1] AndroidManifest.xml:26:22-94
56
57    <application
57-->src/main/AndroidManifest.xml:13:5-61:19
58        android:name="no.wmc.App"
58-->src/main/AndroidManifest.xml:14:9-28
59        android:allowBackup="false"
59-->src/main/AndroidManifest.xml:15:9-36
60        android:appComponentFactory="androidx.core.app.CoreComponentFactory"
60-->[androidx.core:core:1.13.1] AndroidManifest.xml:28:18-86
61        android:extractNativeLibs="false"
62        android:icon="@mipmap/ic_launcher"
62-->src/main/AndroidManifest.xml:16:9-43
63        android:label="@string/app_name"
63-->src/main/AndroidManifest.xml:17:9-41
64        android:largeHeap="true"
64-->src/main/AndroidManifest.xml:19:9-33
65        android:supportsRtl="true"
65-->src/main/AndroidManifest.xml:18:9-35
66        android:theme="@style/Theme.WorldMedicalCard" >
66-->src/main/AndroidManifest.xml:20:9-54
67        <meta-data
68            android:name="com.google.android.geo.API_KEY"
68-->src/main/AndroidManifest.xml:23:13-58
69            android:value="AIzaSyBefANlKymmm1w4QU2po3puXOv3RMewlN0" />
69-->src/main/AndroidManifest.xml:24:13-40
70
71        <activity
71-->src/main/AndroidManifest.xml:27:9-43:20
72            android:name="no.wmc.ui.MainActivity"
72-->src/main/AndroidManifest.xml:28:13-44
73            android:exported="true"
73-->src/main/AndroidManifest.xml:29:13-36
74            android:screenOrientation="portrait"
74-->src/main/AndroidManifest.xml:30:13-49
75            android:windowSoftInputMode="adjustPan" >
75-->src/main/AndroidManifest.xml:31:13-52
76            <intent-filter>
76-->src/main/AndroidManifest.xml:32:13-36:29
77                <action android:name="android.intent.action.MAIN" />
77-->src/main/AndroidManifest.xml:33:17-69
77-->src/main/AndroidManifest.xml:33:25-66
78
79                <category android:name="android.intent.category.LAUNCHER" />
79-->src/main/AndroidManifest.xml:35:17-77
79-->src/main/AndroidManifest.xml:35:27-74
80            </intent-filter>
81            <intent-filter>
81-->src/main/AndroidManifest.xml:37:13-42:29
82                <action android:name="android.intent.action.VIEW" />
82-->src/main/AndroidManifest.xml:38:17-69
82-->src/main/AndroidManifest.xml:38:25-66
83
84                <category android:name="android.intent.category.DEFAULT" />
84-->src/main/AndroidManifest.xml:39:17-76
84-->src/main/AndroidManifest.xml:39:27-73
85                <category android:name="android.intent.category.BROWSABLE" />
85-->src/main/AndroidManifest.xml:40:17-78
85-->src/main/AndroidManifest.xml:40:27-75
86
87                <data
87-->src/main/AndroidManifest.xml:41:17-78
88                    android:host="emergencypage"
88-->src/main/AndroidManifest.xml:41:47-75
89                    android:scheme="intent" />
89-->src/main/AndroidManifest.xml:41:23-46
90            </intent-filter>
91        </activity>
92
93        <service
93-->src/main/AndroidManifest.xml:44:9-50:19
94            android:name="no.wmc.firebase.fcm.MyFirebaseMessagingService"
94-->src/main/AndroidManifest.xml:45:13-68
95            android:exported="true" >
95-->src/main/AndroidManifest.xml:46:13-36
96            <intent-filter>
96-->src/main/AndroidManifest.xml:47:13-49:29
97                <action android:name="com.google.firebase.MESSAGING_EVENT" />
97-->src/main/AndroidManifest.xml:48:17-78
97-->src/main/AndroidManifest.xml:48:25-75
98            </intent-filter>
99        </service>
100
101        <provider
102            android:name="androidx.core.content.FileProvider"
102-->src/main/AndroidManifest.xml:53:13-62
103            android:authorities="no.wmc.provider"
103-->src/main/AndroidManifest.xml:54:13-60
104            android:exported="false"
104-->src/main/AndroidManifest.xml:55:13-37
105            android:grantUriPermissions="true" >
105-->src/main/AndroidManifest.xml:56:13-47
106            <meta-data
106-->src/main/AndroidManifest.xml:57:13-59:63
107                android:name="android.support.FILE_PROVIDER_PATHS"
107-->src/main/AndroidManifest.xml:58:17-67
108                android:resource="@xml/file_provider_paths" />
108-->src/main/AndroidManifest.xml:59:17-60
109        </provider>
110
111        <meta-data
111-->[com.android.billingclient:billing:6.1.0] AndroidManifest.xml:19:9-21:37
112            android:name="com.google.android.play.billingclient.version"
112-->[com.android.billingclient:billing:6.1.0] AndroidManifest.xml:20:13-73
113            android:value="6.1.0" />
113-->[com.android.billingclient:billing:6.1.0] AndroidManifest.xml:21:13-34
114
115        <activity
115-->[com.android.billingclient:billing:6.1.0] AndroidManifest.xml:23:9-27:75
116            android:name="com.android.billingclient.api.ProxyBillingActivity"
116-->[com.android.billingclient:billing:6.1.0] AndroidManifest.xml:24:13-78
117            android:configChanges="keyboard|keyboardHidden|screenLayout|screenSize|orientation"
117-->[com.android.billingclient:billing:6.1.0] AndroidManifest.xml:25:13-96
118            android:exported="false"
118-->[com.android.billingclient:billing:6.1.0] AndroidManifest.xml:26:13-37
119            android:theme="@android:style/Theme.Translucent.NoTitleBar" />
119-->[com.android.billingclient:billing:6.1.0] AndroidManifest.xml:27:13-72
120
121        <service
121-->[com.google.firebase:firebase-storage-ktx:20.3.0] AndroidManifest.xml:9:9-15:19
122            android:name="com.google.firebase.components.ComponentDiscoveryService"
122-->[com.google.firebase:firebase-storage-ktx:20.3.0] AndroidManifest.xml:10:13-84
123            android:directBootAware="true"
123-->[com.google.firebase:firebase-common:20.4.2] AndroidManifest.xml:32:13-43
124            android:exported="false" >
124-->[com.google.firebase:firebase-storage-ktx:20.3.0] AndroidManifest.xml:11:13-37
125            <meta-data
125-->[com.google.firebase:firebase-storage-ktx:20.3.0] AndroidManifest.xml:12:13-14:85
126                android:name="com.google.firebase.components:com.google.firebase.storage.ktx.FirebaseStorageLegacyRegistrar"
126-->[com.google.firebase:firebase-storage-ktx:20.3.0] AndroidManifest.xml:13:17-125
127                android:value="com.google.firebase.components.ComponentRegistrar" />
127-->[com.google.firebase:firebase-storage-ktx:20.3.0] AndroidManifest.xml:14:17-82
128            <meta-data
128-->[com.google.firebase:firebase-crashlytics-ktx:18.6.0] AndroidManifest.xml:24:13-26:85
129                android:name="com.google.firebase.components:com.google.firebase.crashlytics.ktx.FirebaseCrashlyticsKtxRegistrar"
129-->[com.google.firebase:firebase-crashlytics-ktx:18.6.0] AndroidManifest.xml:25:17-130
130                android:value="com.google.firebase.components.ComponentRegistrar" />
130-->[com.google.firebase:firebase-crashlytics-ktx:18.6.0] AndroidManifest.xml:26:17-82
131            <meta-data
131-->[com.google.firebase:firebase-firestore-ktx:24.10.0] AndroidManifest.xml:12:13-14:85
132                android:name="com.google.firebase.components:com.google.firebase.firestore.ktx.FirebaseFirestoreLegacyRegistrar"
132-->[com.google.firebase:firebase-firestore-ktx:24.10.0] AndroidManifest.xml:13:17-129
133                android:value="com.google.firebase.components.ComponentRegistrar" />
133-->[com.google.firebase:firebase-firestore-ktx:24.10.0] AndroidManifest.xml:14:17-82
134            <meta-data
134-->[com.google.firebase:firebase-messaging:23.4.1] AndroidManifest.xml:57:13-59:85
135                android:name="com.google.firebase.components:com.google.firebase.messaging.FirebaseMessagingKtxRegistrar"
135-->[com.google.firebase:firebase-messaging:23.4.1] AndroidManifest.xml:58:17-122
136                android:value="com.google.firebase.components.ComponentRegistrar" />
136-->[com.google.firebase:firebase-messaging:23.4.1] AndroidManifest.xml:59:17-82
137            <meta-data
137-->[com.google.firebase:firebase-messaging:23.4.1] AndroidManifest.xml:60:13-62:85
138                android:name="com.google.firebase.components:com.google.firebase.messaging.FirebaseMessagingRegistrar"
138-->[com.google.firebase:firebase-messaging:23.4.1] AndroidManifest.xml:61:17-119
139                android:value="com.google.firebase.components.ComponentRegistrar" />
139-->[com.google.firebase:firebase-messaging:23.4.1] AndroidManifest.xml:62:17-82
140            <meta-data
140-->[com.google.firebase:firebase-analytics-ktx:21.5.0] AndroidManifest.xml:11:13-13:85
141                android:name="com.google.firebase.components:com.google.firebase.analytics.ktx.FirebaseAnalyticsLegacyRegistrar"
141-->[com.google.firebase:firebase-analytics-ktx:21.5.0] AndroidManifest.xml:12:17-129
142                android:value="com.google.firebase.components.ComponentRegistrar" />
142-->[com.google.firebase:firebase-analytics-ktx:21.5.0] AndroidManifest.xml:13:17-82
143            <meta-data
143-->[com.google.firebase:firebase-auth-ktx:22.3.0] AndroidManifest.xml:11:13-13:85
144                android:name="com.google.firebase.components:com.google.firebase.auth.ktx.FirebaseAuthLegacyRegistrar"
144-->[com.google.firebase:firebase-auth-ktx:22.3.0] AndroidManifest.xml:12:17-119
145                android:value="com.google.firebase.components.ComponentRegistrar" />
145-->[com.google.firebase:firebase-auth-ktx:22.3.0] AndroidManifest.xml:13:17-82
146            <meta-data
146-->[com.google.firebase:firebase-crashlytics:18.6.0] AndroidManifest.xml:15:13-17:85
147                android:name="com.google.firebase.components:com.google.firebase.crashlytics.FirebaseCrashlyticsKtxRegistrar"
147-->[com.google.firebase:firebase-crashlytics:18.6.0] AndroidManifest.xml:16:17-126
148                android:value="com.google.firebase.components.ComponentRegistrar" />
148-->[com.google.firebase:firebase-crashlytics:18.6.0] AndroidManifest.xml:17:17-82
149            <meta-data
149-->[com.google.firebase:firebase-crashlytics:18.6.0] AndroidManifest.xml:18:13-20:85
150                android:name="com.google.firebase.components:com.google.firebase.crashlytics.CrashlyticsRegistrar"
150-->[com.google.firebase:firebase-crashlytics:18.6.0] AndroidManifest.xml:19:17-115
151                android:value="com.google.firebase.components.ComponentRegistrar" />
151-->[com.google.firebase:firebase-crashlytics:18.6.0] AndroidManifest.xml:20:17-82
152            <meta-data
152-->[com.google.firebase:firebase-sessions:1.2.0] AndroidManifest.xml:29:13-31:85
153                android:name="com.google.firebase.components:com.google.firebase.sessions.FirebaseSessionsRegistrar"
153-->[com.google.firebase:firebase-sessions:1.2.0] AndroidManifest.xml:30:17-117
154                android:value="com.google.firebase.components.ComponentRegistrar" />
154-->[com.google.firebase:firebase-sessions:1.2.0] AndroidManifest.xml:31:17-82
155            <meta-data
155-->[com.google.android.gms:play-services-measurement-api:21.5.0] AndroidManifest.xml:37:13-39:85
156                android:name="com.google.firebase.components:com.google.firebase.analytics.connector.internal.AnalyticsConnectorRegistrar"
156-->[com.google.android.gms:play-services-measurement-api:21.5.0] AndroidManifest.xml:38:17-139
157                android:value="com.google.firebase.components.ComponentRegistrar" />
157-->[com.google.android.gms:play-services-measurement-api:21.5.0] AndroidManifest.xml:39:17-82
158            <meta-data
158-->[com.google.firebase:firebase-installations:17.2.0] AndroidManifest.xml:15:13-17:85
159                android:name="com.google.firebase.components:com.google.firebase.installations.FirebaseInstallationsKtxRegistrar"
159-->[com.google.firebase:firebase-installations:17.2.0] AndroidManifest.xml:16:17-130
160                android:value="com.google.firebase.components.ComponentRegistrar" />
160-->[com.google.firebase:firebase-installations:17.2.0] AndroidManifest.xml:17:17-82
161            <meta-data
161-->[com.google.firebase:firebase-installations:17.2.0] AndroidManifest.xml:18:13-20:85
162                android:name="com.google.firebase.components:com.google.firebase.installations.FirebaseInstallationsRegistrar"
162-->[com.google.firebase:firebase-installations:17.2.0] AndroidManifest.xml:19:17-127
163                android:value="com.google.firebase.components.ComponentRegistrar" />
163-->[com.google.firebase:firebase-installations:17.2.0] AndroidManifest.xml:20:17-82
164            <meta-data
164-->[com.google.firebase:firebase-storage:20.3.0] AndroidManifest.xml:30:13-32:85
165                android:name="com.google.firebase.components:com.google.firebase.storage.FirebaseStorageKtxRegistrar"
165-->[com.google.firebase:firebase-storage:20.3.0] AndroidManifest.xml:31:17-118
166                android:value="com.google.firebase.components.ComponentRegistrar" />
166-->[com.google.firebase:firebase-storage:20.3.0] AndroidManifest.xml:32:17-82
167            <meta-data
167-->[com.google.firebase:firebase-storage:20.3.0] AndroidManifest.xml:33:13-35:85
168                android:name="com.google.firebase.components:com.google.firebase.storage.StorageRegistrar"
168-->[com.google.firebase:firebase-storage:20.3.0] AndroidManifest.xml:34:17-107
169                android:value="com.google.firebase.components.ComponentRegistrar" />
169-->[com.google.firebase:firebase-storage:20.3.0] AndroidManifest.xml:35:17-82
170            <meta-data
170-->[com.google.firebase:firebase-firestore:24.10.0] AndroidManifest.xml:17:13-19:85
171                android:name="com.google.firebase.components:com.google.firebase.firestore.FirebaseFirestoreKtxRegistrar"
171-->[com.google.firebase:firebase-firestore:24.10.0] AndroidManifest.xml:18:17-122
172                android:value="com.google.firebase.components.ComponentRegistrar" />
172-->[com.google.firebase:firebase-firestore:24.10.0] AndroidManifest.xml:19:17-82
173            <meta-data
173-->[com.google.firebase:firebase-firestore:24.10.0] AndroidManifest.xml:20:13-22:85
174                android:name="com.google.firebase.components:com.google.firebase.firestore.FirestoreRegistrar"
174-->[com.google.firebase:firebase-firestore:24.10.0] AndroidManifest.xml:21:17-111
175                android:value="com.google.firebase.components.ComponentRegistrar" />
175-->[com.google.firebase:firebase-firestore:24.10.0] AndroidManifest.xml:22:17-82
176            <meta-data
176-->[com.google.firebase:firebase-auth:22.3.0] AndroidManifest.xml:69:13-71:85
177                android:name="com.google.firebase.components:com.google.firebase.auth.FirebaseAuthRegistrar"
177-->[com.google.firebase:firebase-auth:22.3.0] AndroidManifest.xml:70:17-109
178                android:value="com.google.firebase.components.ComponentRegistrar" />
178-->[com.google.firebase:firebase-auth:22.3.0] AndroidManifest.xml:71:17-82
179            <meta-data
179-->[com.google.firebase:firebase-appcheck:17.1.1] AndroidManifest.xml:25:13-27:85
180                android:name="com.google.firebase.components:com.google.firebase.appcheck.FirebaseAppCheckKtxRegistrar"
180-->[com.google.firebase:firebase-appcheck:17.1.1] AndroidManifest.xml:26:17-120
181                android:value="com.google.firebase.components.ComponentRegistrar" />
181-->[com.google.firebase:firebase-appcheck:17.1.1] AndroidManifest.xml:27:17-82
182            <meta-data
182-->[com.google.firebase:firebase-appcheck:17.1.1] AndroidManifest.xml:28:13-30:85
183                android:name="com.google.firebase.components:com.google.firebase.appcheck.FirebaseAppCheckRegistrar"
183-->[com.google.firebase:firebase-appcheck:17.1.1] AndroidManifest.xml:29:17-117
184                android:value="com.google.firebase.components.ComponentRegistrar" />
184-->[com.google.firebase:firebase-appcheck:17.1.1] AndroidManifest.xml:30:17-82
185            <meta-data
185-->[com.google.firebase:firebase-common-ktx:20.4.2] AndroidManifest.xml:12:13-14:85
186                android:name="com.google.firebase.components:com.google.firebase.ktx.FirebaseCommonLegacyRegistrar"
186-->[com.google.firebase:firebase-common-ktx:20.4.2] AndroidManifest.xml:13:17-116
187                android:value="com.google.firebase.components.ComponentRegistrar" />
187-->[com.google.firebase:firebase-common-ktx:20.4.2] AndroidManifest.xml:14:17-82
188            <meta-data
188-->[com.google.firebase:firebase-common:20.4.2] AndroidManifest.xml:35:13-37:85
189                android:name="com.google.firebase.components:com.google.firebase.FirebaseCommonKtxRegistrar"
189-->[com.google.firebase:firebase-common:20.4.2] AndroidManifest.xml:36:17-109
190                android:value="com.google.firebase.components.ComponentRegistrar" />
190-->[com.google.firebase:firebase-common:20.4.2] AndroidManifest.xml:37:17-82
191            <meta-data
191-->[com.google.firebase:firebase-datatransport:18.1.8] AndroidManifest.xml:27:13-29:85
192                android:name="com.google.firebase.components:com.google.firebase.datatransport.TransportRegistrar"
192-->[com.google.firebase:firebase-datatransport:18.1.8] AndroidManifest.xml:28:17-115
193                android:value="com.google.firebase.components.ComponentRegistrar" />
193-->[com.google.firebase:firebase-datatransport:18.1.8] AndroidManifest.xml:29:17-82
194        </service>
195
196        <provider
196-->[androidx.work:work-runtime:2.7.1] AndroidManifest.xml:31:9-39:20
197            android:name="androidx.startup.InitializationProvider"
197-->[androidx.work:work-runtime:2.7.1] AndroidManifest.xml:32:13-67
198            android:authorities="no.wmc.androidx-startup"
198-->[androidx.work:work-runtime:2.7.1] AndroidManifest.xml:33:13-68
199            android:exported="false" >
199-->[androidx.work:work-runtime:2.7.1] AndroidManifest.xml:34:13-37
200            <meta-data
200-->[androidx.work:work-runtime:2.7.1] AndroidManifest.xml:36:13-38:52
201                android:name="androidx.work.WorkManagerInitializer"
201-->[androidx.work:work-runtime:2.7.1] AndroidManifest.xml:37:17-68
202                android:value="androidx.startup" />
202-->[androidx.work:work-runtime:2.7.1] AndroidManifest.xml:38:17-49
203            <meta-data
203-->[androidx.emoji2:emoji2:1.2.0] AndroidManifest.xml:29:13-31:52
204                android:name="androidx.emoji2.text.EmojiCompatInitializer"
204-->[androidx.emoji2:emoji2:1.2.0] AndroidManifest.xml:30:17-75
205                android:value="androidx.startup" />
205-->[androidx.emoji2:emoji2:1.2.0] AndroidManifest.xml:31:17-49
206            <meta-data
206-->[androidx.lifecycle:lifecycle-process:2.6.2] AndroidManifest.xml:29:13-31:52
207                android:name="androidx.lifecycle.ProcessLifecycleInitializer"
207-->[androidx.lifecycle:lifecycle-process:2.6.2] AndroidManifest.xml:30:17-78
208                android:value="androidx.startup" />
208-->[androidx.lifecycle:lifecycle-process:2.6.2] AndroidManifest.xml:31:17-49
209            <meta-data
209-->[androidx.profileinstaller:profileinstaller:1.3.0] AndroidManifest.xml:29:13-31:52
210                android:name="androidx.profileinstaller.ProfileInstallerInitializer"
210-->[androidx.profileinstaller:profileinstaller:1.3.0] AndroidManifest.xml:30:17-85
211                android:value="androidx.startup" />
211-->[androidx.profileinstaller:profileinstaller:1.3.0] AndroidManifest.xml:31:17-49
212        </provider>
213
214        <service
214-->[androidx.work:work-runtime:2.7.1] AndroidManifest.xml:41:9-46:35
215            android:name="androidx.work.impl.background.systemalarm.SystemAlarmService"
215-->[androidx.work:work-runtime:2.7.1] AndroidManifest.xml:42:13-88
216            android:directBootAware="false"
216-->[androidx.work:work-runtime:2.7.1] AndroidManifest.xml:43:13-44
217            android:enabled="@bool/enable_system_alarm_service_default"
217-->[androidx.work:work-runtime:2.7.1] AndroidManifest.xml:44:13-72
218            android:exported="false" />
218-->[androidx.work:work-runtime:2.7.1] AndroidManifest.xml:45:13-37
219        <service
219-->[androidx.work:work-runtime:2.7.1] AndroidManifest.xml:47:9-53:35
220            android:name="androidx.work.impl.background.systemjob.SystemJobService"
220-->[androidx.work:work-runtime:2.7.1] AndroidManifest.xml:48:13-84
221            android:directBootAware="false"
221-->[androidx.work:work-runtime:2.7.1] AndroidManifest.xml:49:13-44
222            android:enabled="@bool/enable_system_job_service_default"
222-->[androidx.work:work-runtime:2.7.1] AndroidManifest.xml:50:13-70
223            android:exported="true"
223-->[androidx.work:work-runtime:2.7.1] AndroidManifest.xml:51:13-36
224            android:permission="android.permission.BIND_JOB_SERVICE" />
224-->[androidx.work:work-runtime:2.7.1] AndroidManifest.xml:52:13-69
225        <service
225-->[androidx.work:work-runtime:2.7.1] AndroidManifest.xml:54:9-59:35
226            android:name="androidx.work.impl.foreground.SystemForegroundService"
226-->[androidx.work:work-runtime:2.7.1] AndroidManifest.xml:55:13-81
227            android:directBootAware="false"
227-->[androidx.work:work-runtime:2.7.1] AndroidManifest.xml:56:13-44
228            android:enabled="@bool/enable_system_foreground_service_default"
228-->[androidx.work:work-runtime:2.7.1] AndroidManifest.xml:57:13-77
229            android:exported="false" />
229-->[androidx.work:work-runtime:2.7.1] AndroidManifest.xml:58:13-37
230
231        <receiver
231-->[androidx.work:work-runtime:2.7.1] AndroidManifest.xml:61:9-66:35
232            android:name="androidx.work.impl.utils.ForceStopRunnable$BroadcastReceiver"
232-->[androidx.work:work-runtime:2.7.1] AndroidManifest.xml:62:13-88
233            android:directBootAware="false"
233-->[androidx.work:work-runtime:2.7.1] AndroidManifest.xml:63:13-44
234            android:enabled="true"
234-->[androidx.work:work-runtime:2.7.1] AndroidManifest.xml:64:13-35
235            android:exported="false" />
235-->[androidx.work:work-runtime:2.7.1] AndroidManifest.xml:65:13-37
236        <receiver
236-->[androidx.work:work-runtime:2.7.1] AndroidManifest.xml:67:9-77:20
237            android:name="androidx.work.impl.background.systemalarm.ConstraintProxy$BatteryChargingProxy"
237-->[androidx.work:work-runtime:2.7.1] AndroidManifest.xml:68:13-106
238            android:directBootAware="false"
238-->[androidx.work:work-runtime:2.7.1] AndroidManifest.xml:69:13-44
239            android:enabled="false"
239-->[androidx.work:work-runtime:2.7.1] AndroidManifest.xml:70:13-36
240            android:exported="false" >
240-->[androidx.work:work-runtime:2.7.1] AndroidManifest.xml:71:13-37
241            <intent-filter>
241-->[androidx.work:work-runtime:2.7.1] AndroidManifest.xml:73:13-76:29
242                <action android:name="android.intent.action.ACTION_POWER_CONNECTED" />
242-->[androidx.work:work-runtime:2.7.1] AndroidManifest.xml:74:17-87
242-->[androidx.work:work-runtime:2.7.1] AndroidManifest.xml:74:25-84
243                <action android:name="android.intent.action.ACTION_POWER_DISCONNECTED" />
243-->[androidx.work:work-runtime:2.7.1] AndroidManifest.xml:75:17-90
243-->[androidx.work:work-runtime:2.7.1] AndroidManifest.xml:75:25-87
244            </intent-filter>
245        </receiver>
246        <receiver